<?xml version="1.0" encoding="UTF-8"?>
<!-- Generated by org.testng.reporters.JUnitXMLReporter -->
<testsuite ignored="3" hostname="Khosruz" failures="0" tests="1" name="Default test" time="20.905" errors="0" timestamp="2024-05-27T14:48:11 EDT">
  <testcase classname="com.PageTest.StudentEntryTest" name="addNewStudentData" time="6.656"/>
  <testcase classname="com.PageTest.StudentEntryTest" name="moveToStudentsOptions" time="0.0">
    <ignored/>
  </testcase> <!-- moveToStudentsOptions -->
  <testcase classname="com.PageTest.StudentEntryTest" name="studentPage" time="0.0">
    <ignored/>
  </testcase> <!-- studentPage -->
  <testcase classname="com.PageTest.StudentEntryTest" name="pageTitleTest" time="0.0">
    <ignored/>
  </testcase> <!-- pageTitleTest -->
</testsuite> <!-- Default test -->
