<?xml version="1.0" encoding="UTF-8"?>
<!-- Generated by org.testng.reporters.JUnitXMLReporter -->
<testsuite ignored="3" hostname="Khosruz" failures="0" tests="1" name="Default test" time="9.817" errors="0" timestamp="2024-05-27T12:57:35 EDT">
  <testcase classname="com.PageTest.StudentEntryTest" name="moveToStudentsOptions" time="0.579"/>
  <testcase classname="com.PageTest.StudentEntryTest" name="studentPage" time="0.0">
    <ignored/>
  </testcase> <!-- studentPage -->
  <testcase classname="com.PageTest.StudentEntryTest" name="addNewStudentData" time="0.0">
    <ignored/>
  </testcase> <!-- addNewStudentData -->
  <testcase classname="com.PageTest.StudentEntryTest" name="pageTitleTest" time="0.0">
    <ignored/>
  </testcase> <!-- pageTitleTest -->
</testsuite> <!-- Default test -->
