<?xml version="1.0" encoding="UTF-8"?>
<!-- Generated by org.testng.reporters.JUnitXMLReporter -->
<testsuite ignored="3" hostname="Khosruz" failures="0" tests="1" name="Students Page Test" time="15.132" errors="0" timestamp="2024-05-27T13:14:57 EDT">
  <testcase classname="com.PageTest.StudentEntryTest" name="pageTitleTest" time="5.08"/>
  <testcase classname="com.PageTest.StudentEntryTest" name="moveToStudentsOptions" time="0.0">
    <ignored/>
  </testcase> <!-- moveToStudentsOptions -->
  <testcase classname="com.PageTest.StudentEntryTest" name="addNewStudentData" time="0.0">
    <ignored/>
  </testcase> <!-- addNewStudentData -->
  <testcase classname="com.PageTest.StudentEntryTest" name="studentPage" time="0.0">
    <ignored/>
  </testcase> <!-- studentPage -->
</testsuite> <!-- Students Page Test -->
