<?xml version="1.0" encoding="UTF-8"?>
<!-- Generated by org.testng.reporters.JUnitXMLReporter -->
<testsuite ignored="2" hostname="Khosruz" failures="0" tests="2" name="Test" time="17.136" errors="0" timestamp="2024-05-27T13:03:49 EDT">
  <testcase classname="com.PageTest.StudentEntryTest" name="pageTitleTest" time="5.04"/>
  <testcase classname="com.PageTest.StudentEntryTest" name="moveToStudentsOptions" time="0.416"/>
  <testcase classname="com.PageTest.StudentEntryTest" name="addNewStudentData" time="0.0">
    <ignored/>
  </testcase> <!-- addNewStudentData -->
  <testcase classname="com.PageTest.StudentEntryTest" name="studentPage" time="0.0">
    <ignored/>
  </testcase> <!-- studentPage -->
</testsuite> <!-- Test -->
