<?xml version="1.0" encoding="UTF-8"?>
<!-- Generated by org.testng.reporters.JUnitXMLReporter -->
<testsuite ignored="7" hostname="Khosruzs-MacBook-Pro.local" failures="0" tests="0" time="0.006" errors="0" timestamp="2024-05-25T16:21:53 EDT">
  <testcase classname="com.PageTest.StudentEntryTest" name="moveToStudentsOptions" time="0.0">
    <ignored/>
  </testcase> <!-- moveToStudentsOptions -->
  <testcase classname="com.PageTest.StudentEntryTest" name="pageTitleTest" time="0.0">
    <ignored/>
  </testcase> <!-- pageTitleTest -->
  <testcase classname="com.PageTest.StudentEntryTest" name="addNewStudentData" time="0.0">
    <ignored/>
  </testcase> <!-- addNewStudentData -->
  <testcase classname="com.PageTest.StudentEntryTest" name="studentPage" time="0.0">
    <ignored/>
  </testcase> <!-- studentPage -->
  <testcase classname="com.PageTest.StudentEntryTest" name="verifyConfirmationMessage" time="0.0">
    <ignored/>
  </testcase> <!-- verifyConfirmationMessage -->
  <testcase classname="com.PageTest.StudentEntryTest" name="backToHomePage" time="0.0">
    <ignored/>
  </testcase> <!-- backToHomePage -->
  <testcase classname="com.PageTest.StudentEntryTest" name="addRecord" time="0.0">
    <ignored/>
  </testcase> <!-- addRecord -->
</testsuite>
