<?xml version="1.0" encoding="UTF-8"?>
<testsuite xmlns:xsi="http://www.w3.org/2001/XMLSchema-instance" xsi:noNamespaceSchemaLocation="https://maven.apache.org/surefire/maven-surefire-plugin/xsd/surefire-test-report-3.0.xsd" version="3.0" name="TestSuite" time="28.427" tests="3" errors="0" skipped="0" failures="0">
  <properties>
[...]
</properties>
  <testcase name="pageTitleTest" classname="com.PageTest.StudentEntryTest" time="5.091">
    <system-out><![CDATA[Before navigating to: 'file:///C:/MY_WORKS/E2E_Projects/zsolution_datadriven/CollegeDataBase/Zsolution.html'
Navigated to:'file:///C:/MY_WORKS/E2E_Projects/zsolution_datadriven/CollegeDataBase/Zsolution.html'
The Title Of the Page is : Zsolution Home Page
]]></system-out>
    <system-err><![CDATA[1716834299743	geckodriver	INFO	Listening on 127.0.0.1:42006
1716834300083	mozrunner::runner	INFO	Running command: "C:\\Program Files\\Mozilla Firefox\\firefox.exe" "--marionette" "-no-remote" "-profile" "C:\\Users\\zaman\\AppData\\Local\\Temp\\rust_mozprofile06eOb6"
console.warn: services.settings: Ignoring preference override of remote settings server
console.warn: services.settings: Allow by setting MOZ_REMOTE_SETTINGS_DEVTOOLS=1 in the environment
1716834301055	Marionette	INFO	Marionette enabled
Dynamically enable window occlusion 0
1716834301285	Marionette	INFO	Listening on port 61174
Read port: 61174
1716834301791	RemoteAgent	WARN	TLS certificate errors will be ignored for this session
May 27, 2024 2:25:07 PM org.openqa.selenium.remote.ProtocolHandshake createSession
INFO: Detected dialect: W3C
]]></system-err>
  </testcase>
  <testcase name="moveToStudentsOptions" classname="com.PageTest.StudentEntryTest" time="0.411">
    <system-out><![CDATA[Before navigating to: 'file:///C:/MY_WORKS/E2E_Projects/zsolution_datadriven/CollegeDataBase/Zsolution.html'
Navigated to:'file:///C:/MY_WORKS/E2E_Projects/zsolution_datadriven/CollegeDataBase/Zsolution.html'
Trying to find Element By : By.xpath: /html/body/div[1]/button[2]
Found Element By : By.xpath: /html/body/div[1]/button[2]
Trying to click on: [[FirefoxDriver: firefox on WINDOWS (f6a6685f-3321-47af-bd2b-b70351d91baf)] -> xpath: /html/body/div[1]/button[2]]
Clicked on: [[FirefoxDriver: firefox on WINDOWS (f6a6685f-3321-47af-bd2b-b70351d91baf)] -> xpath: /html/body/div[1]/button[2]]
Trying to find Element By : By.xpath: //*[@id='Students']
Found Element By : By.xpath: //*[@id='Students']
Student option has displayed : true
]]></system-out>
    <system-err><![CDATA[1716834312974	Marionette	INFO	Stopped listening on port 61174
Dynamically enable window occlusion 1
1716834314449	geckodriver	INFO	Listening on 127.0.0.1:9805
1716834314481	mozrunner::runner	INFO	Running command: "C:\\Program Files\\Mozilla Firefox\\firefox.exe" "--marionette" "-no-remote" "-profile" "C:\\Users\\zaman\\AppData\\Local\\Temp\\rust_mozprofileiivY6m"
console.warn: services.settings: Ignoring preference override of remote settings server
console.warn: services.settings: Allow by setting MOZ_REMOTE_SETTINGS_DEVTOOLS=1 in the environment
1716834314960	Marionette	INFO	Marionette enabled
Dynamically enable window occlusion 0
1716834315073	Marionette	INFO	Listening on port 61264
Read port: 61264
1716834315325	RemoteAgent	WARN	TLS certificate errors will be ignored for this session
May 27, 2024 2:25:17 PM org.openqa.selenium.remote.ProtocolHandshake createSession
INFO: Detected dialect: W3C
]]></system-err>
  </testcase>
  <testcase name="studentPage" classname="com.PageTest.StudentEntryTest" time="0.411">
    <system-out><![CDATA[Before navigating to: 'file:///C:/MY_WORKS/E2E_Projects/zsolution_datadriven/CollegeDataBase/Zsolution.html'
Navigated to:'file:///C:/MY_WORKS/E2E_Projects/zsolution_datadriven/CollegeDataBase/Zsolution.html'
Trying to find Element By : By.xpath: /html/body/div[1]/button[2]
Found Element By : By.xpath: /html/body/div[1]/button[2]
Trying to click on: [[FirefoxDriver: firefox on WINDOWS (2d1118d9-71db-4000-a9c2-b8cebbcceec7)] -> xpath: /html/body/div[1]/button[2]]
Clicked on: [[FirefoxDriver: firefox on WINDOWS (2d1118d9-71db-4000-a9c2-b8cebbcceec7)] -> xpath: /html/body/div[1]/button[2]]
Trying to find Element By : By.xpath: //*[@id='Students']/button
Found Element By : By.xpath: //*[@id='Students']/button
Trying to click on: [[FirefoxDriver: firefox on WINDOWS (2d1118d9-71db-4000-a9c2-b8cebbcceec7)] -> xpath: //*[@id='Students']/button]
Clicked on: [[FirefoxDriver: firefox on WINDOWS (2d1118d9-71db-4000-a9c2-b8cebbcceec7)] -> xpath: //*[@id='Students']/button]
The Title Of the Page is : Zsolution New Student Entry Form
]]></system-out>
    <system-err><![CDATA[1716834318671	Marionette	INFO	Stopped listening on port 61264
Dynamically enable window occlusion 1
1716834320758	geckodriver	INFO	Listening on 127.0.0.1:15834
1716834320779	mozrunner::runner	INFO	Running command: "C:\\Program Files\\Mozilla Firefox\\firefox.exe" "--marionette" "-no-remote" "-profile" "C:\\Users\\zaman\\AppData\\Local\\Temp\\rust_mozprofilexdbBCB"
console.warn: services.settings: Ignoring preference override of remote settings server
console.warn: services.settings: Allow by setting MOZ_REMOTE_SETTINGS_DEVTOOLS=1 in the environment
1716834321102	Marionette	INFO	Marionette enabled
Dynamically enable window occlusion 0
1716834321186	Marionette	INFO	Listening on port 61297
Read port: 61297
1716834321383	RemoteAgent	WARN	TLS certificate errors will be ignored for this session
May 27, 2024 2:25:23 PM org.openqa.selenium.remote.ProtocolHandshake createSession
INFO: Detected dialect: W3C
]]></system-err>
  </testcase>
</testsuite>