<?xml version="1.0" encoding="UTF-8"?>
<testng-results ignored="1" total="4" passed="3" failed="0" skipped="0">
  <reporter-output>
  </reporter-output>
  <suite started-at="2024-05-27T14:24:58 EDT" name="Suite" finished-at="2024-05-27T14:25:25 EDT" duration-ms="26836">
    <groups>
      <group name="UI Eelemnts">
        <method signature="StudentEntryTest.moveToStudentsOptions()[pri:2, instance:com.PageTest.StudentEntryTest@47d90b9e]" name="moveToStudentsOptions" class="com.PageTest.StudentEntryTest"/>
        <method signature="StudentEntryTest.pageTitleTest()[pri:1, instance:com.PageTest.StudentEntryTest@47d90b9e]" name="pageTitleTest" class="com.PageTest.StudentEntryTest"/>
        <method signature="StudentEntryTest.studentPage()[pri:3, instance:com.PageTest.StudentEntryTest@47d90b9e]" name="studentPage" class="com.PageTest.StudentEntryTest"/>
      </group> <!-- UI Eelemnts -->
    </groups>
    <test started-at="2024-05-27T14:24:58 EDT" name="Students Page Test" finished-at="2024-05-27T14:25:25 EDT" duration-ms="26836">
      <class name="com.PageTest.StudentEntryTest">
        <test-method is-config="true" signature="setup()[pri:0, instance:com.PageTest.StudentEntryTest@47d90b9e]" started-at="2024-05-27T14:24:59 EDT" name="setup" finished-at="2024-05-27T14:25:07 EDT" duration-ms="8833" status="PASS">
          <reporter-output>
          </reporter-output>
        </test-method> <!-- setup -->
        <test-method signature="pageTitleTest()[pri:1, instance:com.PageTest.StudentEntryTest@47d90b9e]" started-at="2024-05-27T14:25:07 EDT" name="pageTitleTest" finished-at="2024-05-27T14:25:12 EDT" duration-ms="5084" status="PASS">
          <reporter-output>
          </reporter-output>
        </test-method> <!-- pageTitleTest -->
        <test-method is-config="true" signature="closeBrosers()[pri:0, instance:com.PageTest.StudentEntryTest@47d90b9e]" started-at="2024-05-27T14:25:12 EDT" name="closeBrosers" finished-at="2024-05-27T14:25:14 EDT" duration-ms="1432" status="PASS">
          <reporter-output>
          </reporter-output>
        </test-method> <!-- closeBrosers -->
        <test-method is-config="true" signature="setup()[pri:0, instance:com.PageTest.StudentEntryTest@47d90b9e]" started-at="2024-05-27T14:25:14 EDT" name="setup" finished-at="2024-05-27T14:25:18 EDT" duration-ms="3862" status="PASS">
          <reporter-output>
          </reporter-output>
        </test-method> <!-- setup -->
        <test-method signature="moveToStudentsOptions()[pri:2, instance:com.PageTest.StudentEntryTest@47d90b9e]" started-at="2024-05-27T14:25:18 EDT" name="moveToStudentsOptions" finished-at="2024-05-27T14:25:18 EDT" duration-ms="410" status="PASS">
          <reporter-output>
          </reporter-output>
        </test-method> <!-- moveToStudentsOptions -->
        <test-method is-config="true" signature="closeBrosers()[pri:0, instance:com.PageTest.StudentEntryTest@47d90b9e]" started-at="2024-05-27T14:25:18 EDT" name="closeBrosers" finished-at="2024-05-27T14:25:20 EDT" duration-ms="2044" status="PASS">
          <reporter-output>
          </reporter-output>
        </test-method> <!-- closeBrosers -->
        <test-method is-config="true" signature="setup()[pri:0, instance:com.PageTest.StudentEntryTest@47d90b9e]" started-at="2024-05-27T14:25:20 EDT" name="setup" finished-at="2024-05-27T14:25:23 EDT" duration-ms="3273" status="PASS">
          <reporter-output>
          </reporter-output>
        </test-method> <!-- setup -->
        <test-method signature="studentPage()[pri:3, instance:com.PageTest.StudentEntryTest@47d90b9e]" started-at="2024-05-27T14:25:23 EDT" name="studentPage" finished-at="2024-05-27T14:25:24 EDT" duration-ms="408" status="PASS">
          <reporter-output>
          </reporter-output>
        </test-method> <!-- studentPage -->
        <test-method is-config="true" signature="closeBrosers()[pri:0, instance:com.PageTest.StudentEntryTest@47d90b9e]" started-at="2024-05-27T14:25:24 EDT" name="closeBrosers" finished-at="2024-05-27T14:25:25 EDT" duration-ms="1428" status="PASS">
          <reporter-output>
          </reporter-output>
        </test-method> <!-- closeBrosers -->
      </class> <!-- com.PageTest.StudentEntryTest -->
    </test> <!-- Students Page Test -->
  </suite> <!-- Suite -->
</testng-results>
