<?xml version="1.0" encoding="UTF-8"?>
<testng-results ignored="0" total="1" passed="1" failed="0" skipped="0">
  <reporter-output>
  </reporter-output>
  <suite started-at="2024-05-27T13:14:42 EDT" name="Suite" finished-at="2024-05-27T13:14:57 EDT" duration-ms="15132">
    <groups>
      <group name="UI Eelemnts">
        <method signature="StudentEntryTest.pageTitleTest()[pri:1, instance:com.PageTest.StudentEntryTest@25ce9dc4]" name="pageTitleTest" class="com.PageTest.StudentEntryTest"/>
      </group> <!-- UI Eelemnts -->
    </groups>
    <test started-at="2024-05-27T13:14:42 EDT" name="Students Page Test" finished-at="2024-05-27T13:14:57 EDT" duration-ms="15132">
      <class name="com.PageTest.StudentEntryTest">
        <test-method is-config="true" signature="setup()[pri:0, instance:com.PageTest.StudentEntryTest@25ce9dc4]" started-at="2024-05-27T13:14:42 EDT" name="setup" finished-at="2024-05-27T13:14:50 EDT" duration-ms="8794" status="PASS">
          <reporter-output>
          </reporter-output>
        </test-method> <!-- setup -->
        <test-method signature="pageTitleTest()[pri:1, instance:com.PageTest.StudentEntryTest@25ce9dc4]" started-at="2024-05-27T13:14:50 EDT" name="pageTitleTest" finished-at="2024-05-27T13:14:56 EDT" duration-ms="5080" status="PASS">
          <reporter-output>
          </reporter-output>
        </test-method> <!-- pageTitleTest -->
        <test-method is-config="true" signature="closeBrosers()[pri:0, instance:com.PageTest.StudentEntryTest@25ce9dc4]" started-at="2024-05-27T13:14:56 EDT" name="closeBrosers" finished-at="2024-05-27T13:14:57 EDT" duration-ms="1085" status="PASS">
          <reporter-output>
          </reporter-output>
        </test-method> <!-- closeBrosers -->
      </class> <!-- com.PageTest.StudentEntryTest -->
    </test> <!-- Students Page Test -->
  </suite> <!-- Suite -->
</testng-results>
